Arguments: 
  /Users/jamiew/.nvm/versions/node/v8.11.1/bin/node /usr/local/Cellar/yarn/1.5.1_1/libexec/bin/yarn.js

PATH: 
  /Users/jamiew/.nvm/versions/node/v8.11.1/bin:/usr/local/bin:/usr/bin:/bin:/usr/sbin:/sbin

Yarn version: 
  1.5.1

Node version: 
  8.11.1

Platform: 
  darwin x64

npm manifest: 
  {
      "name": "server",
      "version": "1.0.0",
      "description": "",
      "main": "server.js",
      "scripts": {
          "start": "node server.js",
          "heroku-postbuild": "cd client && yarn --production=false && yarn run build"
      },
      "author": "",
      "license": "ISC",
      "dependencies": {
          "body-parser": "^1.18.2",
          "cors": "^2.8.4",
          "express": "^4.16.2",
          "mongoose": "^4.13.1",
          "morgan": "^1.9.0",
          "now": "^8.5.2",
          "path": "^0.12.7"
      },
      "engines": {
          "node": "6.11.3"
      }
  }

yarn manifest: 
  No manifest

Lockfile: 
  No lockfile

Trace: 
  Error: Found incompatible module
      at new MessageError (/usr/local/Cellar/yarn/1.5.1_1/libexec/lib/cli.js:186:110)
      at Object.checkOne (/usr/local/Cellar/yarn/1.5.1_1/libexec/lib/cli.js:62444:11)
      at /usr/local/Cellar/yarn/1.5.1_1/libexec/lib/cli.js:22773:75
      at Generator.next (<anonymous>)
      at step (/usr/local/Cellar/yarn/1.5.1_1/libexec/lib/cli.js:98:30)
      at /usr/local/Cellar/yarn/1.5.1_1/libexec/lib/cli.js:116:14
      at new Promise (<anonymous>)
      at new F (/usr/local/Cellar/yarn/1.5.1_1/libexec/lib/cli.js:23451:28)
      at /usr/local/Cellar/yarn/1.5.1_1/libexec/lib/cli.js:95:12
      at /usr/local/Cellar/yarn/1.5.1_1/libexec/lib/cli.js:22777:27
